[    0.000000] Initializing cgroup subsys cpuset
[    0.000000] Initializing cgroup subsys cpu
[    0.000000] Initializing cgroup subsys cpuacct
[    0.000000] Linux version 4.4.0-75-generic (buildd@lcy01-04) (gcc version 5.4.0 20160609 (Ubuntu 5.4.0-6ubuntu1~16.04.4) ) #96-Ubuntu SMP Thu Apr 20 09:55:15 UTC 2017 (Ubuntu 4.4.0-75.96-generic 4.4.59)
[    0.000000] KERNEL supported cpus:
[    0.000000]   Intel GenuineIntel
[    0.000000]   AMD AuthenticAMD
[    0.000000]   NSC Geode by NSC
[    0.000000]   Cyrix CyrixInstead
[    0.000000]   Centaur CentaurHauls
[    0.000000]   Transmeta GenuineTMx86
[    0.000000]   Transmeta TransmetaCPU
[    0.000000]   UMC UMC UMC UMC
[    0.000000] x86/fpu: xstate_offset[2]:  576, xstate_sizes[2]:  256
[    0.000000] x86/fpu: Supporting XSAVE feature 0x01: 'x87 floating point registers'
[    0.000000] x86/fpu: Supporting XSAVE feature 0x02: 'SSE registers'
[    0.000000] x86/fpu: Supporting XSAVE feature 0x04: 'AVX registers'
[    0.000000] x86/fpu: Enabled xstate features 0x7, context size is 832 bytes, using 'standard' format.
[    0.000000] x86/fpu: Using 'lazy' FPU context switches.
[    0.000000] e820: BIOS-provided physical RAM map:
[    0.000000] BIOS-e820: [mem 0x0000000000000000-0x000000000009fbff] usable
[    0.000000] BIOS-e820: [mem 0x000000000009fc00-0x000000000009ffff] reserved
[    0.000000] BIOS-e820: [mem 0x00000000000f0000-0x00000000000fffff] reserved
[    0.000000] BIOS-e820: [mem 0x0000000000100000-0x000000003ffeffff] usable
[    0.000000] BIOS-e820: [mem 0x000000003fff0000-0x000000003fffffff] ACPI data
[    0.000000] BIOS-e820: [mem 0x00000000fec00000-0x00000000fec00fff] reserved
[    0.000000] BIOS-e820: [mem 0x00000000fee00000-0x00000000fee00fff] reserved
[    0.000000] BIOS-e820: [mem 0x00000000fffc0000-0x00000000ffffffff] reserved
[    0.000000] NX (Execute Disable) protection: active
[    0.000000] SMBIOS 2.5 present.
[    0.000000] Hypervisor detected: KVM
[    0.000000] e820: last_pfn = 0x3fff0 max_arch_pfn = 0x1000000
[    0.000000] MTRR: Disabled
[    0.000000] x86/PAT: MTRRs disabled, skipping PAT initialization too.
[    0.000000] x86/PAT: Configuration [0-7]: WB  WT  UC- UC  WB  WT  UC- UC  
[    0.000000] CPU MTRRs all blank - virtualized system.
[    0.000000] found SMP MP-table at [mem 0x0009fff0-0x0009ffff] mapped at [c009fff0]
[    0.000000] Scanning 1 areas for low memory corruption
[    0.000000] RAMDISK: [mem 0x3635c000-0x371a5fff]
[    0.000000] ACPI: Early table checksum verification disabled
[    0.000000] ACPI: RSDP 0x00000000000E0000 000024 (v02 VBOX  )
[    0.000000] ACPI: XSDT 0x000000003FFF0030 00003C (v01 VBOX   VBOXXSDT 00000001 ASL  00000061)
[    0.000000] ACPI: FACP 0x000000003FFF00F0 0000F4 (v04 VBOX   VBOXFACP 00000001 ASL  00000061)
[    0.000000] ACPI: DSDT 0x000000003FFF0470 0021C8 (v02 VBOX   VBOXBIOS 00000002 INTL 20100528)
[    0.000000] ACPI: FACS 0x000000003FFF0200 000040
[    0.000000] ACPI: FACS 0x000000003FFF0200 000040
[    0.000000] ACPI: APIC 0x000000003FFF0240 00005C (v02 VBOX   VBOXAPIC 00000001 ASL  00000061)
[    0.000000] ACPI: SSDT 0x000000003FFF02A0 0001CC (v01 VBOX   VBOXCPUT 00000002 INTL 20100528)
[    0.000000] 131MB HIGHMEM available.
[    0.000000] 891MB LOWMEM available.
[    0.000000]   mapped low ram: 0 - 37bfe000
[    0.000000]   low ram: 0 - 37bfe000
[    0.000000] kvm-clock: Using msrs 4b564d01 and 4b564d00
[    0.000000] kvm-clock: cpu 0, msr 0:37bfd001, primary cpu clock
[    0.000000] kvm-clock: using sched offset of 4054476930 cycles
[    0.000000] clocksource: kvm-clock: mask: 0xffffffffffffffff max_cycles: 0x1cd42e4dffb, max_idle_ns: 881590591483 ns
[    0.000000] Zone ranges:
[    0.000000]   DMA      [mem 0x0000000000001000-0x0000000000ffffff]
[    0.000000]   Normal   [mem 0x0000000001000000-0x0000000037bfdfff]
[    0.000000]   HighMem  [mem 0x0000000037bfe000-0x000000003ffeffff]
[    0.000000] Movable zone start for each node
[    0.000000] Early memory node ranges
[    0.000000]   node   0: [mem 0x0000000000001000-0x000000000009efff]
[    0.000000]   node   0: [mem 0x0000000000100000-0x000000003ffeffff]
[    0.000000] Initmem setup node 0 [mem 0x0000000000001000-0x000000003ffeffff]
[    0.000000] Using APIC driver default
[    0.000000] ACPI: PM-Timer IO Port: 0x4008
[    0.000000] IOAPIC[0]: apic_id 2, version 32, address 0xfec00000, GSI 0-23
[    0.000000] ACPI: INT_SRC_OVR (bus 0 bus_irq 0 global_irq 2 dfl dfl)
[    0.000000] ACPI: INT_SRC_OVR (bus 0 bus_irq 9 global_irq 9 high level)
[    0.000000] Using ACPI (MADT) for SMP configuration information
[    0.000000] smpboot: Allowing 2 CPUs, 0 hotplug CPUs
[    0.000000] PM: Registered nosave memory: [mem 0x00000000-0x00000fff]
[    0.000000] PM: Registered nosave memory: [mem 0x0009f000-0x0009ffff]
[    0.000000] PM: Registered nosave memory: [mem 0x000a0000-0x000effff]
[    0.000000] PM: Registered nosave memory: [mem 0x000f0000-0x000fffff]
[    0.000000] e820: [mem 0x40000000-0xfebfffff] available for PCI devices
[    0.000000] Booting paravirtualized kernel on KVM
[    0.000000] clocksource: refined-jiffies: mask: 0xffffffff max_cycles: 0xffffffff, max_idle_ns: 7645519600211568 ns
[    0.000000] setup_percpu: NR_CPUS:8 nr_cpumask_bits:8 nr_cpu_ids:2 nr_node_ids:1
[    0.000000] PERCPU: Embedded 19 pages/cpu @f71b0000 s47436 r0 d30388 u77824
[    0.000000] PV qspinlock hash table entries: 512 (order: 0, 4096 bytes)
[    0.000000] Built 1 zonelists in Zone order, mobility grouping on.  Total pages: 259800
[    0.000000] Kernel command line: BOOT_IMAGE=/boot/vmlinuz-4.4.0-75-generic root=LABEL=cloudimg-rootfs ro console=tty1 console=ttyS0
[    0.000000] PID hash table entries: 4096 (order: 2, 16384 bytes)
[    0.000000] Dentry cache hash table entries: 131072 (order: 7, 524288 bytes)
[    0.000000] Inode-cache hash table entries: 65536 (order: 6, 262144 bytes)
[    0.000000] Initializing CPU#0
[    0.000000] Initializing HighMem for node 0 (00037bfe:0003fff0)
[    0.000000] Initializing Movable for node 0 (00000000:00000000)
[    0.000000] Memory: 1008336K/1048120K available (7928K kernel code, 770K rwdata, 3164K rodata, 940K init, 800K bss, 39784K reserved, 0K cma-reserved, 135112K highmem)
[    0.000000] virtual kernel memory layout:
[    0.000000]     fixmap  : 0xfff15000 - 0xfffff000   ( 936 kB)
[    0.000000]     pkmap   : 0xffc00000 - 0xffe00000   (2048 kB)
[    0.000000]     vmalloc : 0xf83fe000 - 0xffbfe000   ( 120 MB)
[    0.000000]     lowmem  : 0xc0000000 - 0xf7bfe000   ( 891 MB)
[    0.000000]       .init : 0xc1b99000 - 0xc1c84000   ( 940 kB)
[    0.000000]       .data : 0xc17be50b - 0xc1b97b40   (3941 kB)
[    0.000000]       .text : 0xc1000000 - 0xc17be50b   (7929 kB)
[    0.000000] Checking if this processor honours the WP bit even in supervisor mode...Ok.
[    0.000000] SLUB: HWalign=64, Order=0-3, MinObjects=0, CPUs=2, Nodes=1
[    0.000000] Hierarchical RCU implementation.
[    0.000000] 	Build-time adjustment of leaf fanout to 32.
[    0.000000] 	RCU restricting CPUs from NR_CPUS=8 to nr_cpu_ids=2.
[    0.000000] RCU: Adjusting geometry for rcu_fanout_leaf=32, nr_cpu_ids=2
[    0.000000] NR_IRQS:2304 nr_irqs:440 16
[    0.000000] Console: colour VGA+ 80x25
[    0.000000] console [tty1] enabled
[    0.000000] console [ttyS0] enabled
[    0.000000] allocated 1048576 bytes of page_ext
[    0.000000] tsc: Detected 2394.558 MHz processor
[    6.036778] Calibrating delay loop (skipped) preset value.. 4789.11 BogoMIPS (lpj=9578232)
[    6.061800] pid_max: default: 32768 minimum: 301
[    6.100871] ACPI: Core revision 20150930
[    6.179487] ACPI: 2 ACPI AML tables successfully acquired and loaded
[    6.331906] Security Framework initialized
[    6.401038] Yama: becoming mindful.
[    6.459078] AppArmor: AppArmor initialized
[    6.460031] Mount-cache hash table entries: 2048 (order: 1, 8192 bytes)
[    6.527012] Mountpoint-cache hash table entries: 2048 (order: 1, 8192 bytes)
[    6.528555] Initializing cgroup subsys io
[    6.529453] Initializing cgroup subsys memory
[    6.530428] Initializing cgroup subsys devices
[    6.574824] Initializing cgroup subsys freezer
[    6.622770] Initializing cgroup subsys net_cls
[    6.623732] Initializing cgroup subsys perf_event
[    6.663342] Initializing cgroup subsys net_prio
[    6.754634] Initializing cgroup subsys hugetlb
[    6.833764] Initializing cgroup subsys pids
[    6.834798] CPU: Physical Processor ID: 0
[    6.890717] CPU: Processor Core ID: 0
[    6.902444] mce: CPU supports 0 MCE banks
[    6.923221] Last level iTLB entries: 4KB 512, 2MB 8, 4MB 8
[    6.962488] Last level dTLB entries: 4KB 512, 2MB 32, 4MB 32, 1GB 0
[    6.967187] Freeing SMP alternatives memory: 28K (c1c84000 - c1c8b000)
[    6.997687] ftrace: allocating 31398 entries in 62 pages
[    7.083337] smpboot: APIC(0) Converting physical 0 to logical package 0
[    7.117921] smpboot: Max logical packages: 1
[    7.118888] Enabling APIC mode:  Flat.  Using 1 I/O APICs
[    7.121284] ..TIMER: vector=0x30 apic1=0 pin1=2 apic2=-1 pin2=-1
[    7.230732] smpboot: CPU0: Intel(R) Core(TM) i5-2430M CPU @ 2.40GHz (family: 0x6, model: 0x2a, stepping: 0x7)
[    7.276137] Performance Events: unsupported p6 CPU model 42 no PMU driver, software events only.
[    7.282068] KVM setup paravirtual spinlock
[    7.283834] x86: Booting SMP configuration:
[    7.307944] .... node  #0, CPUs:      #1
[1266874885.655074] Initializing CPU#1
[    7.309638] kvm-clock: cpu 1, msr 0:37bfd041, secondary cpu clock
[    7.310896] mce: CPU supports 0 MCE banks
[    7.313726] x86: Booted up 1 node, 2 CPUs
[    7.351250] smpboot: Total of 2 processors activated (9578.23 BogoMIPS)
[    7.474265] devtmpfs: initialized
[    7.555356] evm: security.selinux
[    7.597249] evm: security.SMACK64
[    7.598032] evm: security.SMACK64EXEC
[    7.608876] evm: security.SMACK64TRANSMUTE
[    7.697285] evm: security.SMACK64MMAP
[    7.799303] evm: security.ima
[    7.800039] evm: security.capability
[    7.801217] clocksource: jiffies: mask: 0xffffffff max_cycles: 0xffffffff, max_idle_ns: 7645041785100000 ns
[    7.873409] futex hash table entries: 512 (order: 3, 32768 bytes)
[    7.927364] pinctrl core: initialized pinctrl subsystem
[    7.928597] RTC time:  8:37:39, date: 05/14/17
[    7.929728] NET: Registered protocol family 16
[    7.948846] EISA bus registered
[    7.958929] cpuidle: using governor ladder
[    7.987499] cpuidle: using governor menu
[    8.051723] PCCT header not found.
[    8.052654] ACPI: bus type PCI registered
[    8.053533] acpiphp: ACPI Hot Plug PCI Controller Driver version: 0.5
[    8.077619] PCI : PCI BIOS area is rw and x. Use pci=nobios if you want it NX.
[    8.079258] PCI: PCI BIOS revision 2.10 entry at 0xfda26, last bus=0
[    8.080467] PCI: Using configuration type 1 for base access
[    8.172738] ACPI: Added _OSI(Module Device)
[    8.185699] ACPI: Added _OSI(Processor Device)
[    8.212802] ACPI: Added _OSI(3.0 _SCP Extensions)
[    8.214403] ACPI: Added _OSI(Processor Aggregator Device)
[    8.217425] ACPI: Executed 1 blocks of module-level executable AML code
[    8.255609] ACPI: Interpreter enabled
[    8.256521] ACPI: (supports S0 S5)
[    8.257365] ACPI: Using IOAPIC for interrupt routing
[    8.258626] PCI: Using host bridge windows from ACPI; if necessary, use "pci=nocrs" and report a bug
[    8.275408] ACPI: PCI Root Bridge [PCI0] (domain 0000 [bus 00-ff])
[    8.276700] acpi PNP0A03:00: _OSC: OS supports [ASPM ClockPM Segments MSI]
[    8.288733] acpi PNP0A03:00: _OSC failed (AE_NOT_FOUND); disabling ASPM
[    8.449090] acpi PNP0A03:00: fail to add MMCONFIG information, can't access extended PCI configuration space under this bridge.
[    8.636915] PCI host bridge to bus 0000:00
[    8.646481] pci_bus 0000:00: root bus resource [io  0x0000-0x0cf7 window]
[    8.654924] pci_bus 0000:00: root bus resource [io  0x0d00-0xffff window]
[    8.669159] pci_bus 0000:00: root bus resource [mem 0x000a0000-0x000bffff window]
[    8.670920] pci_bus 0000:00: root bus resource [mem 0x40000000-0xffdfffff window]
[    8.672633] pci_bus 0000:00: root bus resource [bus 00-ff]
[    8.692035] pci 0000:00:01.1: legacy IDE quirk: reg 0x10: [io  0x01f0-0x01f7]
[    8.693491] pci 0000:00:01.1: legacy IDE quirk: reg 0x14: [io  0x03f6]
[    8.694895] pci 0000:00:01.1: legacy IDE quirk: reg 0x18: [io  0x0170-0x0177]
[    8.747375] pci 0000:00:01.1: legacy IDE quirk: reg 0x1c: [io  0x0376]
[    8.860480] pci 0000:00:07.0: quirk: [io  0x4000-0x403f] claimed by PIIX4 ACPI
[    8.975605] pci 0000:00:07.0: quirk: [io  0x4100-0x410f] claimed by PIIX4 SMB
[    9.001705] ACPI: PCI Interrupt Link [LNKA] (IRQs 5 9 10 *11)
[    9.128061] ACPI: PCI Interrupt Link [LNKB] (IRQs 5 9 10 *11)
[    9.231860] ACPI: PCI Interrupt Link [LNKC] (IRQs 5 9 *10 11)
[    9.233945] ACPI: PCI Interrupt Link [LNKD] (IRQs 5 *9 10 11)
[    9.256723] ACPI: Enabled 2 GPEs in block 00 to 07
[    9.266890] vgaarb: setting as boot device: PCI:0000:00:02.0
[    9.288373] vgaarb: device added: PCI:0000:00:02.0,decodes=io+mem,owns=io+mem,locks=none
[    9.290601] vgaarb: loaded
[    9.317184] vgaarb: bridge control possible 0000:00:02.0
[    9.331154] SCSI subsystem initialized
[    9.337935] ACPI: bus type USB registered
[    9.360971] usbcore: registered new interface driver usbfs
[    9.406724] usbcore: registered new interface driver hub
[    9.485456] usbcore: registered new device driver usb
[    9.487983] PCI: Using ACPI for IRQ routing
[    9.505415] NetLabel: Initializing
[    9.506210] NetLabel:  domain hash size = 128
[    9.579423] NetLabel:  protocols = UNLABELED CIPSOv4
[    9.615040] NetLabel:  unlabeled traffic allowed by default
[    9.616481] amd_nb: Cannot enumerate AMD northbridges
[    9.743903] clocksource: Switched to clocksource kvm-clock
[    9.754277] AppArmor: AppArmor Filesystem Enabled
[    9.802527] pnp: PnP ACPI init
[    9.804225] pnp: PnP ACPI: found 3 devices
[    9.849538] PnPBIOS: Disabled by ACPI PNP
[   10.004729] clocksource: acpi_pm: mask: 0xffffff max_cycles: 0xffffff, max_idle_ns: 2085701024 ns
[   10.304974] NET: Registered protocol family 2
[   10.352597] TCP established hash table entries: 8192 (order: 3, 32768 bytes)
[   10.392618] TCP bind hash table entries: 8192 (order: 4, 65536 bytes)
[   10.394630] TCP: Hash tables configured (established 8192 bind 8192)
[   10.403336] UDP hash table entries: 512 (order: 2, 16384 bytes)
[   10.410705] UDP-Lite hash table entries: 512 (order: 2, 16384 bytes)
[   10.431648] NET: Registered protocol family 1
[   10.432656] pci 0000:00:00.0: Limiting direct PCI/PCI transfers
[   10.495581] pci 0000:00:01.0: Activating ISA DMA hang workarounds
[   10.675553] Unpacking initramfs...
[   11.051193] Freeing initrd memory: 14632K (f635c000 - f71a6000)
[   11.185404] RAPL PMU detected, API unit is 2^-32 Joules, 3 fixed counters 10737418240 ms ovfl timer
[   11.375911] hw unit of domain pp0-core 2^-0 Joules
[   11.406467] hw unit of domain package 2^-0 Joules
[   11.410081] hw unit of domain pp1-gpu 2^-0 Joules
[   11.415730] platform rtc_cmos: registered platform RTC device (no PNP device found)
[   11.428881] Scanning for low memory corruption every 60 seconds
[   11.430687] audit: initializing netlink subsys (disabled)
[   11.433659] audit: type=2000 audit(1494751060.005:1): initialized
[   11.443981] Initialise system trusted keyring
[   11.457848] HugeTLB registered 2 MB page size, pre-allocated 0 pages
[   11.461220] zbud: loaded
[   11.474526] VFS: Disk quotas dquot_6.6.0
[   11.483081] VFS: Dquot-cache hash table entries: 1024 (order 0, 4096 bytes)
[   11.494325] squashfs: version 4.0 (2009/01/31) Phillip Lougher
[   11.496823] fuse init (API version 7.23)
[   11.501332] Key type big_key registered
[   11.502767] Allocating IMA MOK and blacklist keyrings.
[   11.506962] Key type asymmetric registered
[   11.517056] Asymmetric key parser 'x509' registered
[   11.526519] bounce: pool size: 64 pages
[   11.528062] Block layer SCSI generic (bsg) driver version 0.4 loaded (major 249)
[   11.530519] io scheduler noop registered
[   11.533080] io scheduler deadline registered (default)
[   11.543818] io scheduler cfq registered
[   11.546516] pci_hotplug: PCI Hot Plug PCI Core version: 0.5
[   11.548315] pciehp: PCI Express Hot Plug Controller Driver version: 0.4
[   11.553504] ACPI: AC Adapter [AC] (on-line)
[   11.571823] input: Power Button as /devices/LNXSYSTM:00/LNXPWRBN:00/input/input0
[   11.575085] ACPI: Power Button [PWRF]
[   11.576080] input: Sleep Button as /devices/LNXSYSTM:00/LNXSLPBN:00/input/input1
[   11.580706] ACPI: Sleep Button [SLPF]
[   11.590524] ACPI: Battery Slot [BAT0] (battery present)
[   11.593118] GHES: HEST is not enabled!
[   11.594047] isapnp: Scanning for PnP cards...
[   11.600796] Serial: 8250/16550 driver, 32 ports, IRQ sharing enabled
[   11.636143] 00:02: ttyS0 at I/O 0x3f8 (irq = 4, base_baud = 115200) is a 16550A
[   11.643495] Linux agpgart interface v0.103
[   11.653402] loop: module loaded
[   11.670865] scsi host0: ata_piix
[   11.671765] scsi host1: ata_piix
[   11.672703] ata1: PATA max UDMA/33 cmd 0x1f0 ctl 0x3f6 bmdma 0xd000 irq 14
[   11.680569] ata2: PATA max UDMA/33 cmd 0x170 ctl 0x376 bmdma 0xd008 irq 15
[   11.682833] libphy: Fixed MDIO Bus: probed
[   11.684079] tun: Universal TUN/TAP device driver, 1.6
[   11.685481] tun: (C) 1999-2004 Max Krasnyansky <maxk@qualcomm.com>
[   11.694712] PPP generic driver version 2.4.2
[   11.696023] ehci_hcd: USB 2.0 'Enhanced' Host Controller (EHCI) Driver
[   11.697820] ehci-pci: EHCI PCI platform driver
[   11.699103] ehci-platform: EHCI generic platform driver
[   11.712400] ohci_hcd: USB 1.1 'Open' Host Controller (OHCI) Driver
[   11.714049] ohci-pci: OHCI PCI platform driver
[   11.715337] ohci-platform: OHCI generic platform driver
[   11.716822] uhci_hcd: USB Universal Host Controller Interface driver
[   11.729159] i8042: PNP: PS/2 Controller [PNP0303:PS2K,PNP0f03:PS2M] at 0x60,0x64 irq 1,12
[   11.731967] serio: i8042 KBD port at 0x60,0x64 irq 1
[   11.733424] serio: i8042 AUX port at 0x60,0x64 irq 12
[   11.734988] mousedev: PS/2 mouse device common for all mice
[   11.771028] rtc_cmos rtc_cmos: rtc core: registered rtc_cmos as rtc0
[   11.780414] rtc_cmos rtc_cmos: alarms up to one day, 114 bytes nvram
[   11.781751] i2c /dev entries driver
[   11.782732] device-mapper: uevent: version 1.0.3
[   11.792333] input: AT Translated Set 2 keyboard as /devices/platform/i8042/serio0/input/input2
[   11.816741] device-mapper: ioctl: 4.34.0-ioctl (2015-10-28) initialised: dm-devel@redhat.com
[   11.818652] platform eisa.0: Probing EISA bus 0
[   11.836806] platform eisa.0: EISA: Cannot allocate resource for mainboard
[   11.838707] platform eisa.0: Cannot allocate resource for EISA slot 1
[   11.840307] platform eisa.0: Cannot allocate resource for EISA slot 2
[   11.847254] platform eisa.0: Cannot allocate resource for EISA slot 3
[   11.849077] platform eisa.0: Cannot allocate resource for EISA slot 4
[   11.850796] platform eisa.0: Cannot allocate resource for EISA slot 5
[   11.852537] platform eisa.0: Cannot allocate resource for EISA slot 6
[   11.865005] platform eisa.0: Cannot allocate resource for EISA slot 7
[   11.866712] platform eisa.0: Cannot allocate resource for EISA slot 8
[   11.868464] platform eisa.0: EISA: Detected 0 cards
[   11.875522] cpufreq-nforce2: No nForce2 chipset.
[   11.902353] ledtrig-cpu: registered to indicate activity on CPUs
[   11.904316] NET: Registered protocol family 10
[   11.905868] NET: Registered protocol family 17
[   11.907096] Key type dns_resolver registered
[   11.914795] microcode: CPU0 sig=0x206a7, pf=0x10, revision=0x0
[   11.916314] microcode: CPU1 sig=0x206a7, pf=0x10, revision=0x0
[   11.917762] microcode: Microcode Update Driver: v2.01 <tigran@aivazian.fsnet.co.uk>, Peter Oruba
[   11.920061] Using IPI No-Shortcut mode
[   11.922482] registered taskstats version 1
[   11.923687] Loading compiled-in X.509 certificates
[   11.927822] Loaded X.509 cert 'Build time autogenerated kernel key: 07b96e98effcf92e436e5474864c4a8d42920bdd'
[   11.937744] zswap: loaded using pool lzo/zbud
[   11.941803] Key type trusted registered
[   11.950720] Key type encrypted registered
[   11.951858] AppArmor: AppArmor sha1 policy hashing enabled
[   11.953316] ima: No TPM chip found, activating TPM-bypass!
[   11.955374] isapnp: No Plug & Play device found
[   12.146426] evm: HMAC attrs: 0x1
[   12.208697]   Magic number: 1:473:624
[   12.252404] rtc_cmos rtc_cmos: setting system clock to 2017-05-14 08:37:44 UTC (1494751064)
[   12.409617] BIOS EDD facility v0.16 2004-Jun-25, 0 devices found
[   12.437596] EDD information not available.
[   12.439386] Freeing unused kernel memory: 940K (c1b99000 - c1c84000)
[   12.440301] tsc: Refined TSC clocksource calibration: 2395.325 MHz
[   12.440304] clocksource: tsc: mask: 0xffffffffffffffff max_cycles: 0x2286f7404cd, max_idle_ns: 440795265830 ns
[   12.487490] Write protecting the kernel text: 7932k
[   12.488942] Write protecting the kernel read-only data: 3168k
[   12.490432] NX-protecting the kernel data: 6404k
Loading, please wait...
starting version[   12.519593] random: systemd-udevd: uninitialized urandom read (16 bytes read, 0 bits of entropy available)
 229
[   12.520592] random: udevadm: uninitialized urandom read (16 bytes read, 0 bits of entropy available)
[   12.520663] random: udevadm: uninitialized urandom read (16 bytes read, 0 bits of entropy available)
[   12.520960] random: udevadm: uninitialized urandom read (16 bytes read, 0 bits of entropy available)
[   12.521070] random: udevadm: uninitialized urandom read (16 bytes read, 0 bits of entropy available)
[   12.521168] random: udevadm: uninitialized urandom read (16 bytes read, 0 bits of entropy available)
[   12.521287] random: udevadm: uninitialized urandom read (16 bytes read, 0 bits of entropy available)
[   12.521390] random: udevadm: uninitialized urandom read (16 bytes read, 0 bits of entropy available)
[   12.521494] random: udevadm: uninitialized urandom read (16 bytes read, 0 bits of entropy available)
[   12.521818] random: udevadm: uninitialized urandom read (16 bytes read, 0 bits of entropy available)
[   12.674115] e1000: Intel(R) PRO/1000 Network Driver - version 7.3.21-k8-NAPI
[   12.684234] e1000: Copyright (c) 1999-2006 Intel Corporation.
[   12.697456] Fusion MPT base driver 3.04.20
[   12.714115] Copyright (c) 1999-2008 LSI Corporation
[   12.776014] Fusion MPT SPI Host driver 3.04.20
[   12.881641] input: ImExPS/2 Generic Explorer Mouse as /devices/platform/i8042/serio1/input/input4
[   13.140964] e1000 0000:00:03.0 eth0: (PCI:33MHz:32-bit) 02:11:7a:30:de:6d
[   13.193615] e1000 0000:00:03.0 eth0: Intel(R) PRO/1000 Network Connection
[   13.297713] e1000 0000:00:03.0 enp0s3: renamed from eth0
[   13.390677] mptbase: ioc0: Initiating bringup
[   13.504614] ioc0: LSI53C1030 A0: Capabilities={Initiator}
[   13.786452] scsi host2: ioc0: LSI53C1030 A0, FwRev=00000000h, Ports=1, MaxQ=256, IRQ=20
[   14.030372] scsi 2:0:0:0: Direct-Access     VBOX     HARDDISK         1.0  PQ: 0 ANSI: 5
[   14.139068] scsi target2:0:0: Beginning Domain Validation
[   14.204811] scsi target2:0:0: Domain Validation skipping write tests
[   14.206122] scsi target2:0:0: Ending Domain Validation
[   14.207272] scsi target2:0:0: asynchronous
[   14.208654] scsi 2:0:1:0: Direct-Access     VBOX     HARDDISK         1.0  PQ: 0 ANSI: 5
[   14.320173] scsi target2:0:1: Beginning Domain Validation
[   14.325866] scsi target2:0:1: Domain Validation skipping write tests
[   14.327173] scsi target2:0:1: Ending Domain Validation
[   14.372978] scsi target2:0:1: asynchronous
[   14.423041] sd 2:0:0:0: [sda] 20971520 512-byte logical blocks: (10.7 GB/10.0 GiB)
[   14.426247] sd 2:0:0:0: [sda] Write Protect is off
[   14.429521] sd 2:0:0:0: Attached scsi generic sg0 type 0
[   14.438872] sd 2:0:0:0: [sda] Incomplete mode parameter data
[   14.440098] sd 2:0:0:0: [sda] Assuming drive cache: write through
[   14.442807] sd 2:0:1:0: [sdb] 20480 512-byte logical blocks: (10.5 MB/10.0 MiB)
[   14.447422] sd 2:0:1:0: Attached scsi generic sg1 type 0
[   14.447576] sd 2:0:1:0: [sdb] Write Protect is off
[   14.447686] sd 2:0:1:0: [sdb] Incomplete mode parameter data
[   14.447688] sd 2:0:1:0: [sdb] Assuming drive cache: write through
[   14.462832]  sda: sda1
[   14.463609] sd 2:0:0:0: [sda] Attached SCSI disk
[   14.477380] sd 2:0:1:0: [sdb] Attached SCSI disk
[   15.780464] floppy0: no floppy controllers found
Begin: Loading essential drivers[   17.212057] md: linear personality registered for level -1
 ... [   17.226094] md: multipath personality registered for level -4
[   17.235441] md: raid0 personality registered for level 0
[   17.246219] md: raid1 personality registered for level 1
[   17.327936] raid6: mmxx1    gen()  4680 MB/s
[   17.443969] raid6: mmxx2    gen()  4925 MB/s
[   17.572072] raid6: sse1x1   gen()  3580 MB/s
[   17.644122] raid6: sse1x2   gen()  4657 MB/s
[   17.764194] raid6: sse2x1   gen()  7974 MB/s
[   17.856273] raid6: sse2x1   xor()  5835 MB/s
[   17.975922] raid6: sse2x2   gen()  9337 MB/s
[   18.123966] raid6: sse2x2   xor()  5416 MB/s
[   18.131472] raid6: using algorithm sse2x2 gen() 9337 MB/s
[   18.133261] raid6: .... xor() 5416 MB/s, rmw enabled
[   18.134922] raid6: using ssse3x1 recovery algorithm
[   18.148374] xor: automatically using best checksumming function:
[   18.196001]    avx       : 15518.000 MB/sec
[   18.252963] async_tx: api initialized (async)
[   18.284371] md: raid6 personality registered for level 6
[   18.327166] md: raid5 personality registered for level 5
[   18.336933] md: raid4 personality registered for level 4
[   18.346544] md: raid10 personality registered for level 10
done.
Begin: Running /scripts/init-premount ... done.
Begin: Mounting root file system ... Begin: Running /scripts/[   18.464947] Btrfs loaded
local-top ... done.
Begin: Running /scripts/local-premount ... Scanning for Btr[   18.556451] EXT4-fs (sda1): INFO: recovery required on readonly filesystem
fs filesystems
[   18.561465] EXT4-fs (sda1): write access will be enabled during recovery
done.
Warning: fsck not present, so skipping root file system
[   19.118680] EXT4-fs (sda1): orphan cleanup on readonly fs
[   19.195475] EXT4-fs (sda1): 2 orphan inodes deleted
[   19.204867] EXT4-fs (sda1): recovery complete
[   19.227708] EXT4-fs (sda1): mounted filesystem with ordered data mode. Opts: (null)
done.
Begin: Running /scripts/local-bottom ... done.
Begin: Running /scripts/init-bottom ... [   19.372464] random: nonblocking pool is initialized
done.
[   20.291614] systemd[1]: systemd 229 running in system mode. (+PAM +AUDIT +SELINUX +IMA +APPARMOR +SMACK +SYSVINIT +UTMP +LIBCRYPTSETUP +GCRYPT +GNUTLS +ACL +XZ -LZ4 +SECCOMP +BLKID +ELFUTILS +KMOD -IDN)
[   20.321597] systemd[1]: Detected virtualization oracle.
[   20.339435] systemd[1]: Detected architecture x86.

Welcome to [1mUbuntu 16.04.2 LTS[0m!

[   20.481178] systemd[1]: Set hostname to <ubuntu-xenial>.
[   22.328100] systemd[1]: Reached target Swap.
[[0;32m  OK  [0m] Reached target Swap.
[   22.452655] systemd[1]: Listening on /dev/initctl Compatibility Named Pipe.
[[0;32m  OK  [0m] Listening on /dev/initctl Compatibility Named Pipe.
[   22.490499] systemd[1]: Listening on Syslog Socket.
[[0;32m  OK  [0m] Listening on Syslog Socket.
[   22.499727] systemd[1]: Listening on LVM2 poll daemon socket.
[[0;32m  OK  [0m] Listening on LVM2 poll daemon socket.
[   22.512747] systemd[1]: Listening on LVM2 metadata daemon socket.
[[0;32m  OK  [0m] Listening on LVM2 metadata daemon socket.
[   22.530402] systemd[1]: Reached target User and Group Name Lookups.
[[0;32m  OK  [0m] Reached target User and Group Name Lookups.
[   22.534275] systemd[1]: Created slice System Slice.
[[0;32m  OK  [0m] Created slice System Slice.
[   22.549488] systemd[1]: Created slice system-serial\x2dgetty.slice.
[[0;32m  OK  [0m] Created slice system-serial\x2dgetty.slice.
[   22.556360] systemd[1]: Listening on udev Kernel Socket.
[[0;32m  OK  [0m] Listening on udev Kernel Socket.
[   22.564589] systemd[1]: Listening on Journal Socket (/dev/log).
[[0;32m  OK  [0m] Listening on Journal Socket (/dev/log).
[   22.585167] systemd[1]: Started Forward Password Requests to Wall Directory Watch.
[[0;32m  OK  [0m] Started Forward Password Requests to Wall Directory Watch.
[   22.768460] systemd[1]: Listening on Journal Audit Socket.
[[0;32m  OK  [0m] Listening on Journal Audit Socket.
[   22.851890] systemd[1]: Listening on Journal Socket.
[[0;32m  OK  [0m] Listening on Journal Socket.
[   22.975996] systemd[1]: Mounting Debug File System...
         Mounting Debug File System...
[   22.988382] systemd[1]: Mounting Huge Pages File System...
         Mounting Huge Pages File System...
[   23.113168] systemd[1]: Starting Journal Service...
         Starting Journal Service...
[   23.160791] systemd[1]: Listening on udev Control Socket.
[[0;32m  OK  [0m] Listening on udev Control Socket.
[   23.296257] systemd[1]: Starting Load Kernel Modules...
         Starting Load Kernel Modules...
[   23.386940] systemd[1]: Set up automount Arbitrary Executable File Formats File System Automount Point.
[[0;32m  OK  [0m] Set up automount Arbitrary Executab...ats File System Automount Point.
[   23.393670] systemd[1]: Reached target Encrypted Volumes.
[[0;32m  OK  [0m] Reached target Encrypted Volumes.
[   23.481154] Loading iSCSI transport class v2.0-870.
[   23.484543] systemd[1]: Starting Create list of required static device nodes for the current kernel...
         Starting Create list of required st... nodes for the current kernel...
[   23.631731] systemd[1]: Starting Set console keymap...
         Starting Set console keymap...
[   23.642049] systemd[1]: Starting Remount Root and Kernel File Systems...
         Starting Remount Root and Kernel File Systems...
[   23.673223] EXT4-fs (sda1): re-mounted. Opts: (null)
[   23.682098] iscsi: registered transport (tcp)
[   23.683031] systemd[1]: Mounting POSIX Message Queue File System...
         Mounting POSIX Message Queue File System...
[   23.750428] systemd[1]: Created slice User and Session Slice.
[[0;32m  OK  [0m] Created slice User and Session Slice.
[   23.829536] systemd[1]: Reached target Slices.
[[0;32m  OK  [0m] Reached target Slices.
[   23.924209] systemd[1]: Starting Uncomplicated firewall...
         Starting Uncomplicated firewall.[   23.969393] iscsi: registered transport (iser)
..
[   24.062459] systemd[1]: Created slice system-postgresql.slice.
[[0;32m  OK  [0m] Created slice system-postgresql.slice.
[   24.146754] systemd[1]: Listening on Device-mapper event daemon FIFOs.
[[0;32m  OK  [0m] Listening on Device-mapper event daemon FIFOs.
[   24.184168] systemd[1]: Starting Monitoring of LVM2 mirrors, snapshots etc. using dmeventd or progress polling...
         Starting Monitoring of LVM2 mirrors... dmeventd or progress polling...
[   24.361351] systemd[1]: Starting Nameserver information manager...
         Starting Nameserver information manager...
[   24.404856] systemd[1]: Started Trigger resolvconf update for networkd DNS.
[[0;32m  OK  [0m] Started Trigger resolvconf update for networkd DNS.
[   24.564874] systemd[1]: Mounted Debug File System.
[[0;32m  OK  [0m] Mounted Debug File System.
[   24.640917] systemd[1]: Mounted Huge Pages File System.
[[0;32m  OK  [0m] Mounted Huge Pages File System.
[   24.697655] systemd[1]: Mounted POSIX Message Queue File System.
[[0;32m  OK  [0m] Mounted POSIX Message Queue File System.
[   24.705757] systemd[1]: Started Journal Service.
[[0;32m  OK  [0m] Started Journal Service.
[[0;32m  OK  [0m] Started Load Kernel Modules.
[[0;32m  OK  [0m] Started Create list of required sta...ce nodes for the current kernel.
[[0;32m  OK  [0m] Started Set console keymap.
[[0;32m  OK  [0m] Started Remount Root and Kernel File Systems.
[[0;32m  OK  [0m] Started Uncomplicated firewall.
[[0;32m  OK  [0m] Started Nameserver information manager.
[[0;32m  OK  [0m] Started LVM2 metadata daemon.
         Starting Load/Save Random Seed...
         Starting Initial cloud-init job (pre-networking)...
         Starting udev Coldplug all Devices...
         Starting Create Static Device Nodes in /dev...
         Starting Apply Kernel Variables...
         Mounting FUSE Control File System...
         Starting Flush Journal to Persistent Storage...
[[0;32m  OK  [0m] Mounted FUSE Control File System.
[[0;32m  OK  [0m] Started Load/Save Random Seed.
[[0;32m  OK  [0m] Started Apply Kernel Variables.
[[0;32m  OK  [0m] Started udev Coldplug all Devices.
[[0;32m  OK  [0m] Started Flush Journal to Persistent Storage.
[[0;32m  OK  [0m] Started Monitoring of LVM2 mirrors,...ng dmeventd or progress polling.
[[0;32m  OK  [0m] Started Create Static Device Nodes in /dev.
         Starting udev Kernel Device Manager...
[[0;32m  OK  [0m] Started udev Kernel Device Manager.
[[0;32m  OK  [0m] Started Dispatch Password Requests to Console Directory Watch.
[[0;32m  OK  [0m] Reached target Local File Systems (Pre).
[[0;32m  OK  [0m] Reached target Local File Systems.
         Starting Create Volatile Files and Directories...
         Starting Tell Plymouth To Write Out Runtime Data...
         Starting Set console font and keymap...
         Starting LSB: AppArmor initialization...
[[0;32m  OK  [0m] Started Tell Plymouth To Write Out Runtime Data.
[[0;32m  OK  [0m] Found device /dev/ttyS0.
[[0;32m  OK  [0m] Started Create Volatile Files and Directories.
[[0;32m  OK  [0m] Reached target System Time Synchronized.
         Starting Update UTMP about System Boot/Shutdown...
[[0;32m  OK  [0m] Found device 82540EM Gigabit Ethern...r (PRO/1000 MT Desktop Adapter).
[[0;32m  OK  [0m] Started Update UTMP about System Boot/Shutdown.
[[0;32m  OK  [0m] Started Set console font and keymap.
[[0;32m  OK  [0m] Created slice system-getty.slice.
[[0;32m  OK  [0m] Listening on Load/Save RF Kill Switch Status /dev/rfkill Watch.
[[0;32m  OK  [0m] Started LSB: AppArmor initialization.
[   22.126058] cloud-init[437]: Cloud-init v. 0.7.9 running 'init-local' at Sun, 14 May 2017 08:38:02 +0000. Up 21.42 seconds.
[[0;32m  OK  [0m] Started Initial cloud-init job (pre-networking).
[[0;32m  OK  [0m] Reached target Network (Pre).
         Starting Raise network interfaces...
[[0;32m  OK  [0m] Started ifup for enp0s3.
[[0;32m  OK  [0m] Started Raise network interfaces.
[[0;32m  OK  [0m] Reached target Network.
         Starting Initial cloud-init job (metadata service crawler)...
[   23.805392] cloud-init[961]: Cloud-init v. 0.7.9 running 'init' at Sun, 14 May 2017 08:38:04 +0000. Up 23.13 seconds.
[   23.831348] cloud-init[961]: ci-info: +++++++++++++++++++++++++++++++++++++Net device info++++++++++++++++++++++++++++++++++++++
[   23.925416] cloud-init[961]: ci-info: +--------+------+----------------------------+---------------+-------+-------------------+
[   23.925712] cloud-init[961]: ci-info: | Device |  Up  |          Address           |      Mask     | Scope |     Hw-Address    |
[[0;32m  OK  [0m] Started Initial cloud-init job (metadata service crawler).
[   23.926042] cloud-init[961]: ci-info: +--------+------+----------------------------+---------------+-------+-------------------+
[   24.392488] cloud-init[961]: ci-info: |   lo   | True |         127.0.0.1          |   255.0.0.0   |   .   |         .         |
[   24.392806] cloud-init[961]: ci-info: |   lo   | True |          ::1/128           |       .       |  host |         .         |
[[0;32m  OK  [0m] Reached target System Initialization.
[   24.393031] cloud-init[961]: ci-info: | enp0s3 | True |         10.0.2.15          | 255.255.255.0 |   .   | 02:11:7a:30:de:6d |
[   24.741639] cloud-init[961]: ci-info: | enp0s3 | True | fe80::11:7aff:fe30:de6d/64 |       .       |  link | 02:11:7a:30:de:6d |
[[0;32m  OK  [0m] Listening on D-Bus System Message Bus Socket.
[   24.741852] cloud-init[961]: ci-info: +--------+------+----------------------------+---------------+-------+-------------------+
[   24.829691] cloud-init[961]: ci-info: +++++++++++++++++++++++++++Route IPv4 info++++++++++++++++++++++++++++
[[0;32m  OK  [0m] Listening on ACPID Listen Socket.
[   24.829873] cloud-init[961]: ci-info: +-------+-------------+----------+---------------+-----------+-------+
[   25.081271] cloud-init[961]: ci-info: | Route | Destination | Gateway  |    Genmask    | Interface | Flags |
[   25.081581] cloud-init[961]: ci-info: +-------+-------------+----------+---------------+-----------+-------+
[[0;32m  OK  [0m] Started ACPI Events Check.
[   25.081819] cloud-init[961]: ci-info: |   0   |   0.0.0.0   | 10.0.2.2 |    0.0.0.0    |   enp0s3  |   UG  |
[   25.195922] cloud-init[961]: ci-info: |   1   |   10.0.2.0  | 0.0.0.0  | 255.255.255.0 |   enp0s3  |   U   |
[[0;32m  OK  [0m] Reached target Paths.
         Starting Socket activation for snappy daemon.
[   25.196184] cloud-init[961]: ci-info: +-------+-------------+----------+---------------+-----------+-------+
[[0;32m  OK  [0m] Listening on UUID daemon activation socket.
[[0;32m  OK  [0m] Started Timer to automatically refresh installed snaps.
         Starting LXD - unix socket.
[[0;32m  OK  [0m] Started Daily Cleanup of Temporary Directories.
[[0;32m  OK  [0m] Started Daily apt activities.
[[0;32m  OK  [0m] Reached target Timers.
[[0;32m  OK  [0m] Reached target Network is Online.
         Starting iSCSI initiator daemon (iscsid)...
[[0;32m  OK  [0m] Reached target Cloud-config availability.
[[0;32m  OK  [0m] Listening on Socket activation for snappy daemon.
[[0;32m  OK  [0m] Listening on LXD - unix socket.
[[0;32m  OK  [0m] Reached target Sockets.
[[0;32m  OK  [0m] Reached target Basic System.
         Starting Login Service...
         Starting Daily apt activities...
         Starting Apply the settings specified in cloud-config...
[[0;32m  OK  [0m] Started Regular background program processing daemon.
         Starting /etc/rc.local Compatibility...
[[0;32m  OK  [0m] Started FUSE filesystem for LXC.
[[0;32m  OK  [0m] Started D-Bus System Message Bus.
[[0;32m  OK  [0m] Started Deferred execution scheduler.
         Starting LSB: MD monitoring daemon...
         Starting OpenBSD Secure Shell server...
         Starting Accounts Service...
         Starting LXD - container startup/shutdown...
[   26.421324] cloud-init[1021]: Cloud-init v. 0.7.9 running 'modules:config' at Sun, 14 May 2017 08:38:07 +0000. Up 26.06 seconds.
         Starting PostgreSQL Cluster 9.5-main...
         Starting LSB: Record successful boot for GRUB...
         Starting System Logging Service...
[[0;32m  OK  [0m] Started ACPI event daemon.
[[0;32m  OK  [0m] Started Snappy daemon.
         Starting Auto import assertions from block devices...
[[0;32m  OK  [0m] Started iSCSI initiator daemon (iscsid).
[[0;32m  OK  [0m] Started Apply the settings specified in cloud-config.
[[0;32m  OK  [0m] Started /etc/rc.local Compatibility.
[[0;32m  OK  [0m] Started Auto import assertions from block devices.
[[0;32m  OK  [0m] Started Login Service.
         Starting Login to default iSCSI targets...
[[0;32m  OK  [0m] Started System Logging Service.
[[0;32m  OK  [0m] Started Login to default iSCSI targets.
[[0;32m  OK  [0m] Reached target Remote File Systems (Pre).
[[0;32m  OK  [0m] Reached target Remote File Systems.
         Starting LSB: Start/stop sysstat's sadc...
         Starting LSB: automatic crash report generation...
         Starting Permit User Sessions...
         Starting LSB: Set the CPU Frequency Scaling governor to "ondemand"...
         Starting LSB: daemon to balance interrupts for SMP systems...
         Starting LSB: VirtualBox Linux Additions...
[[0;32m  OK  [0m] Started Permit User Sessions.
[[0;32m  OK  [0m] Started LSB: Set the CPU Frequency Scaling governor to "ondemand".
[[0;32m  OK  [0m] Started LSB: Start/stop sysstat's sadc.
         Starting Hold until boot process finishes up...
         Starting Terminate Plymouth Boot Screen...
[[0;32m  OK  [0m] Started LSB: MD monitoring daemon.
[[0;32m  OK  [0m] Started LSB: Record successful boot for GRUB.
[[0;32m  OK  [0m] Started Hold until boot process finishes up.
[[0;32m  OK  [0m] Started Terminate Plymouth Boot Screen.
[[0;32m  OK  [0m] Started LSB: daemon to balance interrupts for SMP systems.
[[0;32m  OK  [0m] Started Getty on tty1.
[[0;32m  OK  [0m] Started Serial Getty on ttyS0.
[[0;32m  OK  [0m] Reached target Login Prompts.
         Starting Set console scheme...
[[0;32m  OK  [0m] Started LSB: automatic crash report generation.
[[0;32m  OK  [0m] Started Set console scheme.
[[0;32m  OK  [0m] Started OpenBSD Secure Shell server.
[[0;32m  OK  [0m] Started LSB: VirtualBox Linux Additions.
         Starting Authenticate and Authorize Users to Run Privileged Tasks...
[[0;32m  OK  [0m] Started Authenticate and Authorize Users to Run Privileged Tasks.
[[0;32m  OK  [0m] Started Accounts Service.
[[0;32m  OK  [0m] Started LXD - container startup/shutdown.

Ubuntu 16.04.2 LTS ubuntu-xenial ttyS0

ubuntu-xenial login: [   36.621730] cloud-init[1474]: Cloud-init v. 0.7.9 running 'modules:final' at Sun, 14 May 2017 08:38:17 +0000. Up 35.88 seconds.
[   36.622197] cloud-init[1474]: Cloud-init v. 0.7.9 finished at Sun, 14 May 2017 08:38:18 +0000. Datasource DataSourceNoCloud [seed=/dev/sdb][dsmode=net].  Up 36.60 seconds
